<?xml version="1.0" encoding="UTF-8"?>
<!-- Generated by org.testng.reporters.JUnitReportReporter -->
<testsuite hostname="HQ-11393H840G5" failures="0" tests="5" name="com.jan23.commontests.CreateAccount" time="182.252" errors="0" timestamp="2023-02-16T17:53:17 PST" skipped="0">
  <testcase classname="com.jan23.commontests.CreateAccount" name="editView" time="35.272"/>
  <system-out/>
  <testcase classname="com.jan23.commontests.CreateAccount" name="mergeAccounts" time="54.093"/>
  <system-out/>
  <testcase classname="com.jan23.commontests.CreateAccount" name="createAccount" time="34.459"/>
  <system-out/>
  <testcase classname="com.jan23.commontests.CreateAccount" name="createAccountReport" time="32.882"/>
  <system-out/>
  <testcase classname="com.jan23.commontests.CreateAccount" name="createView" time="25.546"/>
  <system-out/>
</testsuite> <!-- com.jan23.commontests.CreateAccount -->
