<?xml version="1.0" encoding="UTF-8"?>
<!-- Generated by org.testng.reporters.JUnitReportReporter -->
<testsuite hostname="HQ-11393H840G5" failures="0" tests="1" name="com.jan23.commontests.UserMenuDropDown" time="51.059" errors="0" timestamp="2023-02-19T12:36:42 PST" skipped="0">
  <testcase classname="com.jan23.commontests.UserMenuDropDown" name="selectMyProfile" time="51.059"/>
  <system-out/>
</testsuite> <!-- com.jan23.commontests.UserMenuDropDown -->
