<?xml version="1.0" encoding="UTF-8"?>
<!-- Generated by org.testng.reporters.JUnitReportReporter -->
<testsuite hostname="HQ-11393H840G5" failures="0" tests="5" name="com.jan23.commontests.CreateOpty" time="130.590" errors="0" timestamp="2023-02-16T17:53:17 PST" skipped="0">
  <testcase classname="com.jan23.commontests.CreateOpty" name="opportunitiesDropDown" time="20.051"/>
  <system-out/>
  <testcase classname="com.jan23.commontests.CreateOpty" name="create_A_new_opty" time="33.509"/>
  <system-out/>
  <testcase classname="com.jan23.commontests.CreateOpty" name="testQuarterlySummaryReport" time="26.147"/>
  <system-out/>
  <testcase classname="com.jan23.commontests.CreateOpty" name="test_stuck_opportunities_report" time="28.173"/>
  <system-out/>
  <testcase classname="com.jan23.commontests.CreateOpty" name="oppPipelineReport" time="22.710"/>
  <system-out/>
</testsuite> <!-- com.jan23.commontests.CreateOpty -->
