<?xml version="1.0" encoding="UTF-8"?>
<!-- Generated by org.testng.reporters.JUnitReportReporter -->
<testsuite hostname="HQ-11393H840G5" failures="0" tests="5" name="com.jan23.commontests.SfdcLogin" time="9.298" errors="0" timestamp="2023-02-12T11:17:23 PST" skipped="4">
  <testcase classname="com.jan23.commontests.SfdcLogin" name="wrongCredentials" time="9.298"/>
  <system-out/>
  <testcase classname="com.jan23.commontests.SfdcLogin" name="loginSaleforce">
    <skipped/>
  </testcase> <!-- loginSaleforce -->
  <system-out/>
  <testcase classname="com.jan23.commontests.SfdcLogin" name="loginErrorMessageTc1">
    <skipped/>
  </testcase> <!-- loginErrorMessageTc1 -->
  <system-out/>
  <testcase classname="com.jan23.commontests.SfdcLogin" name="forgotPassword">
    <skipped/>
  </testcase> <!-- forgotPassword -->
  <system-out/>
  <testcase classname="com.jan23.commontests.SfdcLogin" name="checkRememberMe">
    <skipped/>
  </testcase> <!-- checkRememberMe -->
  <system-out/>
</testsuite> <!-- com.jan23.commontests.SfdcLogin -->
