<?xml version="1.0" encoding="UTF-8"?>
<!-- Generated by org.testng.reporters.JUnitReportReporter -->
<testsuite hostname="HQ-11393H840G5" failures="0" tests="1" name="com.jan23.commontests.Contacts" time="25.880" errors="0" timestamp="2023-02-19T15:09:43 PST" skipped="0">
  <testcase classname="com.jan23.commontests.Contacts" name="viewContacts" time="25.880"/>
  <system-out/>
</testsuite> <!-- com.jan23.commontests.Contacts -->
